2019-03-29 10:30:47,142 [Worker-1: Loading available Gradle versions] INFO  o.e.b.c.i.u.g.PublishedGradleVersions - Gradle version information cache is out-of-date. Trying to update.
2019-03-29 10:32:39,416 [Worker-7: Importing Maven projects] INFO  o.e.m.c.i.l.LifecycleMappingFactory - Using org.eclipse.m2e.jdt.JarLifecycleMapping lifecycle mapping for MavenProject: com.revature:TrainerAnalysis:0.0.1-SNAPSHOT @ C:\Users\garet\Documents\Project3-Biforce\biforce\biforce\spark\TrainerAnalysis\pom.xml.
2019-03-29 10:32:52,128 [Worker-7: Importing Maven projects] INFO  o.e.m.j.i.AbstractJavaProjectConfigurator - Adding source folder /TrainerAnalysis/src/main/java
2019-03-29 10:32:52,129 [Worker-7: Importing Maven projects] INFO  o.e.m.j.i.AbstractJavaProjectConfigurator - Adding source folder /TrainerAnalysis/src/test/java
2019-03-29 10:32:52,375 [Worker-7: Importing Maven projects] INFO  o.e.m.c.i.p.ProjectConfigurationManager - Imported and configured 1 project(s) in 19 sec
2019-03-29 10:32:56,751 [Worker-5: Building workspace] INFO  o.e.m.c.i.embedder.EclipseLogger - Using 'UTF-8' encoding to copy filtered resources.
2019-03-29 10:32:56,751 [Worker-5: Building workspace] INFO  o.e.m.c.i.embedder.EclipseLogger - skip non existing resourceDirectory C:\Users\garet\Documents\Project3-Biforce\biforce\biforce\spark\TrainerAnalysis\src\main\resources
2019-03-29 10:32:56,752 [Worker-5: Building workspace] INFO  o.e.m.c.i.embedder.EclipseLogger - Using 'UTF-8' encoding to copy filtered resources.
2019-03-29 10:32:56,753 [Worker-5: Building workspace] INFO  o.e.m.c.i.embedder.EclipseLogger - skip non existing resourceDirectory C:\Users\garet\Documents\Project3-Biforce\biforce\biforce\spark\TrainerAnalysis\src\test\resources
2019-04-02 09:45:40,937 [Worker-6: Loading available Gradle versions] INFO  o.e.b.c.i.u.g.PublishedGradleVersions - Gradle version information cache is out-of-date. Trying to update.
2019-04-02 09:45:56,725 [Worker-10: Building workspace] INFO  o.e.m.c.i.embedder.EclipseLogger - Using 'UTF-8' encoding to copy filtered resources.
2019-04-02 09:45:56,726 [Worker-10: Building workspace] INFO  o.e.m.c.i.embedder.EclipseLogger - skip non existing resourceDirectory C:\Users\garet\Documents\Project3-Biforce\biforce\biforce\spark\TrainerAnalysis\src\main\resources
2019-04-02 09:45:56,728 [Worker-10: Building workspace] INFO  o.e.m.c.i.embedder.EclipseLogger - Using 'UTF-8' encoding to copy filtered resources.
2019-04-02 09:45:56,728 [Worker-10: Building workspace] INFO  o.e.m.c.i.embedder.EclipseLogger - skip non existing resourceDirectory C:\Users\garet\Documents\Project3-Biforce\biforce\biforce\spark\TrainerAnalysis\src\test\resources
2019-04-10 09:11:59,454 [Worker-1: Loading available Gradle versions] INFO  o.e.b.c.i.u.g.PublishedGradleVersions - Gradle version information cache is out-of-date. Trying to update.
2019-04-11 09:11:56,423 [Worker-3: Loading available Gradle versions] INFO  o.e.b.c.i.u.g.PublishedGradleVersions - Gradle version information cache is up-to-date. Trying to read.
2019-04-11 09:13:47,281 [Worker-5: Loading available Gradle versions] INFO  o.e.b.c.i.u.g.PublishedGradleVersions - Gradle version information cache is out-of-date. Trying to update.
2019-04-11 09:15:46,716 [Worker-7: Building workspace] INFO  o.e.m.c.i.embedder.EclipseLogger - Using 'UTF-8' encoding to copy filtered resources.
2019-04-11 09:15:46,738 [Worker-7: Building workspace] INFO  o.e.m.c.i.embedder.EclipseLogger - skip non existing resourceDirectory C:\Users\garet\Documents\Project3-Biforce\biforce\biforce\spark\TrainerAnalysis\src\main\resources
2019-04-11 09:15:46,741 [Worker-7: Building workspace] INFO  o.e.m.c.i.embedder.EclipseLogger - Using 'UTF-8' encoding to copy filtered resources.
2019-04-11 09:15:46,741 [Worker-7: Building workspace] INFO  o.e.m.c.i.embedder.EclipseLogger - skip non existing resourceDirectory C:\Users\garet\Documents\Project3-Biforce\biforce\biforce\spark\TrainerAnalysis\src\test\resources
2019-08-09 12:50:07,821 [Worker-1: Loading available Gradle versions] INFO  o.e.b.c.i.u.g.PublishedGradleVersions - Gradle version information cache is out-of-date. Trying to update.
2019-08-09 12:50:25,803 [Worker-8: Building workspace] INFO  o.e.m.c.i.embedder.EclipseLogger - Using 'UTF-8' encoding to copy filtered resources.
2019-08-09 12:50:25,804 [Worker-8: Building workspace] INFO  o.e.m.c.i.embedder.EclipseLogger - skip non existing resourceDirectory C:\Users\garet\Documents\Project3-Biforce\biforce\biforce\spark\TrainerAnalysis\src\main\resources
2019-08-09 12:50:25,805 [Worker-8: Building workspace] INFO  o.e.m.c.i.embedder.EclipseLogger - Using 'UTF-8' encoding to copy filtered resources.
2019-08-09 12:50:25,806 [Worker-8: Building workspace] INFO  o.e.m.c.i.embedder.EclipseLogger - skip non existing resourceDirectory C:\Users\garet\Documents\Project3-Biforce\biforce\biforce\spark\TrainerAnalysis\src\test\resources
2019-08-19 03:59:40,308 [Worker-4: Loading available Gradle versions] INFO  o.e.b.c.i.u.g.PublishedGradleVersions - Gradle version information cache is out-of-date. Trying to update.
2019-08-19 03:59:58,812 [Worker-2: Building workspace] INFO  o.e.m.c.i.embedder.EclipseLogger - Using 'UTF-8' encoding to copy filtered resources.
2019-08-19 03:59:58,813 [Worker-2: Building workspace] INFO  o.e.m.c.i.embedder.EclipseLogger - skip non existing resourceDirectory C:\Users\garet\Documents\Project3-Biforce\biforce\biforce\spark\TrainerAnalysis\src\main\resources
2019-08-19 03:59:58,816 [Worker-2: Building workspace] INFO  o.e.m.c.i.embedder.EclipseLogger - Using 'UTF-8' encoding to copy filtered resources.
2019-08-19 03:59:58,816 [Worker-2: Building workspace] INFO  o.e.m.c.i.embedder.EclipseLogger - skip non existing resourceDirectory C:\Users\garet\Documents\Project3-Biforce\biforce\biforce\spark\TrainerAnalysis\src\test\resources
2019-08-19 04:05:07,319 [Worker-9: Creating maven-archetype-quickstart] INFO  o.e.m.c.i.p.ProjectConfigurationManager - Collecting project info '/pom.xml' C:\Users\garet\eclipse-workspace\gnguyen\pom.xml
2019-08-19 04:05:09,519 [Worker-9: Creating maven-archetype-quickstart] INFO  o.e.m.c.i.l.LifecycleMappingFactory - Using org.eclipse.m2e.jdt.JarLifecycleMapping lifecycle mapping for MavenProject: com:gnguyen:0.0.1-SNAPSHOT @ C:\Users\garet\eclipse-workspace\gnguyen\pom.xml.
2019-08-19 04:05:09,915 [Worker-9: Creating maven-archetype-quickstart] INFO  o.e.m.j.i.AbstractJavaProjectConfigurator - Adding source folder /gnguyen/src/main/java
2019-08-19 04:05:09,922 [Worker-9: Creating maven-archetype-quickstart] INFO  o.e.m.j.i.AbstractJavaProjectConfigurator - Adding source folder /gnguyen/src/test/java
2019-08-19 04:05:10,019 [Worker-9: Creating maven-archetype-quickstart] INFO  o.e.m.c.i.p.ProjectConfigurationManager - Imported and configured 1 project(s) in 2 sec
2019-08-19 04:05:10,526 [Worker-22: Building workspace] INFO  o.e.m.c.i.embedder.EclipseLogger - Using 'UTF-8' encoding to copy filtered resources.
2019-08-19 04:05:10,526 [Worker-22: Building workspace] INFO  o.e.m.c.i.embedder.EclipseLogger - skip non existing resourceDirectory C:\Users\garet\eclipse-workspace\gnguyen\src\main\resources
2019-08-19 04:05:10,528 [Worker-22: Building workspace] INFO  o.e.m.c.i.embedder.EclipseLogger - Using 'UTF-8' encoding to copy filtered resources.
2019-08-19 04:05:10,528 [Worker-22: Building workspace] INFO  o.e.m.c.i.embedder.EclipseLogger - skip non existing resourceDirectory C:\Users\garet\eclipse-workspace\gnguyen\src\test\resources
2019-08-19 04:06:29,314 [Worker-9: Building workspace] INFO  o.e.m.c.i.l.LifecycleMappingFactory - Using org.eclipse.m2e.jdt.JarLifecycleMapping lifecycle mapping for MavenProject: com:gnguyen:0.0.1-SNAPSHOT @ C:\Users\garet\eclipse-workspace\Xetra_analysis\pom.xml.
2019-08-19 04:06:29,428 [Worker-9: Building workspace] INFO  o.e.m.c.i.embedder.EclipseLogger - Using 'UTF-8' encoding to copy filtered resources.
2019-08-19 04:06:29,429 [Worker-9: Building workspace] INFO  o.e.m.c.i.embedder.EclipseLogger - skip non existing resourceDirectory C:\Users\garet\eclipse-workspace\Xetra_analysis\src\main\resources
2019-08-19 04:06:29,430 [Worker-9: Building workspace] INFO  o.e.m.c.i.embedder.EclipseLogger - Using 'UTF-8' encoding to copy filtered resources.
2019-08-19 04:06:29,430 [Worker-9: Building workspace] INFO  o.e.m.c.i.embedder.EclipseLogger - skip non existing resourceDirectory C:\Users\garet\eclipse-workspace\Xetra_analysis\src\test\resources
2019-08-19 04:06:30,716 [Worker-9: Building workspace] INFO  o.e.m.c.i.embedder.EclipseLogger - Using 'UTF-8' encoding to copy filtered resources.
2019-08-19 04:06:30,717 [Worker-9: Building workspace] INFO  o.e.m.c.i.embedder.EclipseLogger - skip non existing resourceDirectory C:\Users\garet\eclipse-workspace\Xetra_analysis\src\main\resources
2019-08-19 04:06:30,718 [Worker-9: Building workspace] INFO  o.e.m.c.i.embedder.EclipseLogger - Using 'UTF-8' encoding to copy filtered resources.
2019-08-19 04:06:30,718 [Worker-9: Building workspace] INFO  o.e.m.c.i.embedder.EclipseLogger - skip non existing resourceDirectory C:\Users\garet\eclipse-workspace\Xetra_analysis\src\test\resources
2019-08-19 04:10:31,261 [Worker-25: Building workspace] INFO  o.e.m.c.i.embedder.EclipseLogger - Using 'UTF-8' encoding to copy filtered resources.
2019-08-19 04:10:31,261 [Worker-25: Building workspace] INFO  o.e.m.c.i.embedder.EclipseLogger - skip non existing resourceDirectory C:\Users\garet\eclipse-workspace\Xetra_analysis\src\main\resources
2019-08-19 04:10:31,263 [Worker-25: Building workspace] INFO  o.e.m.c.i.embedder.EclipseLogger - Using 'UTF-8' encoding to copy filtered resources.
2019-08-19 04:10:31,264 [Worker-25: Building workspace] INFO  o.e.m.c.i.embedder.EclipseLogger - skip non existing resourceDirectory C:\Users\garet\eclipse-workspace\Xetra_analysis\src\test\resources
2019-08-19 04:18:48,875 [Worker-14: Building workspace] INFO  o.e.m.c.i.embedder.EclipseLogger - Using 'UTF-8' encoding to copy filtered resources.
2019-08-19 04:18:48,875 [Worker-14: Building workspace] INFO  o.e.m.c.i.embedder.EclipseLogger - skip non existing resourceDirectory C:\Users\garet\eclipse-workspace\Xetra_analysis\src\main\resources
2019-08-19 04:18:48,876 [Worker-14: Building workspace] INFO  o.e.m.c.i.embedder.EclipseLogger - Using 'UTF-8' encoding to copy filtered resources.
2019-08-19 04:18:48,877 [Worker-14: Building workspace] INFO  o.e.m.c.i.embedder.EclipseLogger - skip non existing resourceDirectory C:\Users\garet\eclipse-workspace\Xetra_analysis\src\test\resources
2019-08-19 04:18:57,510 [Worker-25: Building workspace] INFO  o.e.m.c.i.embedder.EclipseLogger - Using 'UTF-8' encoding to copy filtered resources.
2019-08-19 04:18:57,510 [Worker-25: Building workspace] INFO  o.e.m.c.i.embedder.EclipseLogger - skip non existing resourceDirectory C:\Users\garet\eclipse-workspace\Xetra_analysis\src\main\resources
2019-08-19 04:18:57,511 [Worker-25: Building workspace] INFO  o.e.m.c.i.embedder.EclipseLogger - Using 'UTF-8' encoding to copy filtered resources.
2019-08-19 04:18:57,511 [Worker-25: Building workspace] INFO  o.e.m.c.i.embedder.EclipseLogger - skip non existing resourceDirectory C:\Users\garet\eclipse-workspace\Xetra_analysis\src\test\resources
2019-08-19 04:21:10,031 [Worker-22: Building workspace] INFO  o.e.m.c.i.embedder.EclipseLogger - Using 'UTF-8' encoding to copy filtered resources.
2019-08-19 04:21:10,031 [Worker-22: Building workspace] INFO  o.e.m.c.i.embedder.EclipseLogger - skip non existing resourceDirectory C:\Users\garet\eclipse-workspace\Xetra_analysis\src\main\resources
2019-08-19 04:21:10,034 [Worker-22: Building workspace] INFO  o.e.m.c.i.embedder.EclipseLogger - Using 'UTF-8' encoding to copy filtered resources.
2019-08-19 04:21:10,034 [Worker-22: Building workspace] INFO  o.e.m.c.i.embedder.EclipseLogger - skip non existing resourceDirectory C:\Users\garet\eclipse-workspace\Xetra_analysis\src\test\resources
2019-08-19 04:23:43,297 [Worker-27: Building workspace] INFO  o.e.m.c.i.embedder.EclipseLogger - Using 'UTF-8' encoding to copy filtered resources.
2019-08-19 04:23:43,298 [Worker-27: Building workspace] INFO  o.e.m.c.i.embedder.EclipseLogger - skip non existing resourceDirectory C:\Users\garet\eclipse-workspace\Xetra_analysis\src\main\resources
2019-08-19 04:23:43,299 [Worker-27: Building workspace] INFO  o.e.m.c.i.embedder.EclipseLogger - Using 'UTF-8' encoding to copy filtered resources.
2019-08-19 04:23:43,300 [Worker-27: Building workspace] INFO  o.e.m.c.i.embedder.EclipseLogger - skip non existing resourceDirectory C:\Users\garet\eclipse-workspace\Xetra_analysis\src\test\resources
2019-08-19 04:29:27,948 [Worker-27: Building workspace] INFO  o.e.m.c.i.embedder.EclipseLogger - Using 'UTF-8' encoding to copy filtered resources.
2019-08-19 04:29:27,949 [Worker-27: Building workspace] INFO  o.e.m.c.i.embedder.EclipseLogger - skip non existing resourceDirectory C:\Users\garet\eclipse-workspace\Xetra_analysis\src\main\resources
2019-08-19 04:29:27,950 [Worker-27: Building workspace] INFO  o.e.m.c.i.embedder.EclipseLogger - Using 'UTF-8' encoding to copy filtered resources.
2019-08-19 04:29:27,950 [Worker-27: Building workspace] INFO  o.e.m.c.i.embedder.EclipseLogger - skip non existing resourceDirectory C:\Users\garet\eclipse-workspace\Xetra_analysis\src\test\resources
2019-08-19 04:38:35,236 [Worker-29: Building workspace] INFO  o.e.m.c.i.embedder.EclipseLogger - Using 'UTF-8' encoding to copy filtered resources.
2019-08-19 04:38:35,237 [Worker-29: Building workspace] INFO  o.e.m.c.i.embedder.EclipseLogger - skip non existing resourceDirectory C:\Users\garet\eclipse-workspace\Xetra_analysis\src\main\resources
2019-08-19 04:38:35,238 [Worker-29: Building workspace] INFO  o.e.m.c.i.embedder.EclipseLogger - Using 'UTF-8' encoding to copy filtered resources.
2019-08-19 04:38:35,238 [Worker-29: Building workspace] INFO  o.e.m.c.i.embedder.EclipseLogger - skip non existing resourceDirectory C:\Users\garet\eclipse-workspace\Xetra_analysis\src\test\resources
2019-08-19 04:38:38,127 [Worker-31: Building workspace] INFO  o.e.m.c.i.embedder.EclipseLogger - Using 'UTF-8' encoding to copy filtered resources.
2019-08-19 04:38:38,128 [Worker-31: Building workspace] INFO  o.e.m.c.i.embedder.EclipseLogger - skip non existing resourceDirectory C:\Users\garet\eclipse-workspace\Xetra_analysis\src\main\resources
2019-08-19 04:38:38,129 [Worker-31: Building workspace] INFO  o.e.m.c.i.embedder.EclipseLogger - Using 'UTF-8' encoding to copy filtered resources.
2019-08-19 04:38:38,129 [Worker-31: Building workspace] INFO  o.e.m.c.i.embedder.EclipseLogger - skip non existing resourceDirectory C:\Users\garet\eclipse-workspace\Xetra_analysis\src\test\resources
2019-08-19 04:39:15,799 [Worker-30: Building workspace] INFO  o.e.m.c.i.embedder.EclipseLogger - Using 'UTF-8' encoding to copy filtered resources.
2019-08-19 04:39:15,799 [Worker-30: Building workspace] INFO  o.e.m.c.i.embedder.EclipseLogger - skip non existing resourceDirectory C:\Users\garet\eclipse-workspace\Xetra_analysis\src\main\resources
2019-08-19 04:39:15,801 [Worker-30: Building workspace] INFO  o.e.m.c.i.embedder.EclipseLogger - Using 'UTF-8' encoding to copy filtered resources.
2019-08-19 04:39:15,801 [Worker-30: Building workspace] INFO  o.e.m.c.i.embedder.EclipseLogger - skip non existing resourceDirectory C:\Users\garet\eclipse-workspace\Xetra_analysis\src\test\resources
2019-08-19 04:45:15,362 [Worker-25: Building workspace] INFO  o.e.m.c.i.embedder.EclipseLogger - Using 'UTF-8' encoding to copy filtered resources.
2019-08-19 04:45:15,363 [Worker-25: Building workspace] INFO  o.e.m.c.i.embedder.EclipseLogger - skip non existing resourceDirectory C:\Users\garet\eclipse-workspace\Xetra_analysis\src\main\resources
2019-08-19 04:45:15,364 [Worker-25: Building workspace] INFO  o.e.m.c.i.embedder.EclipseLogger - Using 'UTF-8' encoding to copy filtered resources.
2019-08-19 04:45:15,364 [Worker-25: Building workspace] INFO  o.e.m.c.i.embedder.EclipseLogger - skip non existing resourceDirectory C:\Users\garet\eclipse-workspace\Xetra_analysis\src\test\resources
2019-08-19 05:11:00,186 [Worker-36: Building workspace] INFO  o.e.m.c.i.embedder.EclipseLogger - Using 'UTF-8' encoding to copy filtered resources.
2019-08-19 05:11:00,187 [Worker-36: Building workspace] INFO  o.e.m.c.i.embedder.EclipseLogger - skip non existing resourceDirectory C:\Users\garet\eclipse-workspace\Xetra_analysis\src\main\resources
2019-08-19 05:11:00,189 [Worker-36: Building workspace] INFO  o.e.m.c.i.embedder.EclipseLogger - Using 'UTF-8' encoding to copy filtered resources.
2019-08-19 05:11:00,190 [Worker-36: Building workspace] INFO  o.e.m.c.i.embedder.EclipseLogger - skip non existing resourceDirectory C:\Users\garet\eclipse-workspace\Xetra_analysis\src\test\resources
2019-08-19 05:11:28,030 [Worker-31: Building workspace] INFO  o.e.m.c.i.embedder.EclipseLogger - Using 'UTF-8' encoding to copy filtered resources.
2019-08-19 05:11:28,031 [Worker-31: Building workspace] INFO  o.e.m.c.i.embedder.EclipseLogger - skip non existing resourceDirectory C:\Users\garet\eclipse-workspace\Xetra_analysis\src\main\resources
2019-08-19 05:11:28,032 [Worker-31: Building workspace] INFO  o.e.m.c.i.embedder.EclipseLogger - Using 'UTF-8' encoding to copy filtered resources.
2019-08-19 05:11:28,032 [Worker-31: Building workspace] INFO  o.e.m.c.i.embedder.EclipseLogger - skip non existing resourceDirectory C:\Users\garet\eclipse-workspace\Xetra_analysis\src\test\resources
2019-08-19 05:11:35,191 [Worker-36: Building workspace] INFO  o.e.m.c.i.embedder.EclipseLogger - Using 'UTF-8' encoding to copy filtered resources.
2019-08-19 05:11:35,192 [Worker-36: Building workspace] INFO  o.e.m.c.i.embedder.EclipseLogger - skip non existing resourceDirectory C:\Users\garet\eclipse-workspace\Xetra_analysis\src\main\resources
2019-08-19 05:11:35,193 [Worker-36: Building workspace] INFO  o.e.m.c.i.embedder.EclipseLogger - Using 'UTF-8' encoding to copy filtered resources.
2019-08-19 05:11:35,193 [Worker-36: Building workspace] INFO  o.e.m.c.i.embedder.EclipseLogger - skip non existing resourceDirectory C:\Users\garet\eclipse-workspace\Xetra_analysis\src\test\resources
2019-08-19 05:12:01,881 [Worker-39: Building workspace] INFO  o.e.m.c.i.embedder.EclipseLogger - Using 'UTF-8' encoding to copy filtered resources.
2019-08-19 05:12:01,882 [Worker-39: Building workspace] INFO  o.e.m.c.i.embedder.EclipseLogger - skip non existing resourceDirectory C:\Users\garet\eclipse-workspace\Xetra_analysis\src\main\resources
2019-08-19 05:12:01,883 [Worker-39: Building workspace] INFO  o.e.m.c.i.embedder.EclipseLogger - Using 'UTF-8' encoding to copy filtered resources.
2019-08-19 05:12:01,883 [Worker-39: Building workspace] INFO  o.e.m.c.i.embedder.EclipseLogger - skip non existing resourceDirectory C:\Users\garet\eclipse-workspace\Xetra_analysis\src\test\resources
2019-08-19 05:12:15,561 [Worker-36: Building workspace] INFO  o.e.m.c.i.embedder.EclipseLogger - Using 'UTF-8' encoding to copy filtered resources.
2019-08-19 05:12:15,562 [Worker-36: Building workspace] INFO  o.e.m.c.i.embedder.EclipseLogger - skip non existing resourceDirectory C:\Users\garet\eclipse-workspace\Xetra_analysis\src\main\resources
2019-08-19 05:12:15,563 [Worker-36: Building workspace] INFO  o.e.m.c.i.embedder.EclipseLogger - Using 'UTF-8' encoding to copy filtered resources.
2019-08-19 05:12:15,563 [Worker-36: Building workspace] INFO  o.e.m.c.i.embedder.EclipseLogger - skip non existing resourceDirectory C:\Users\garet\eclipse-workspace\Xetra_analysis\src\test\resources
2019-08-19 05:13:17,838 [Worker-36: Building workspace] INFO  o.e.m.c.i.embedder.EclipseLogger - Using 'UTF-8' encoding to copy filtered resources.
2019-08-19 05:13:17,839 [Worker-36: Building workspace] INFO  o.e.m.c.i.embedder.EclipseLogger - skip non existing resourceDirectory C:\Users\garet\eclipse-workspace\Xetra_analysis\src\main\resources
2019-08-19 05:13:17,860 [Worker-36: Building workspace] INFO  o.e.m.c.i.embedder.EclipseLogger - Using 'UTF-8' encoding to copy filtered resources.
2019-08-19 05:13:17,861 [Worker-36: Building workspace] INFO  o.e.m.c.i.embedder.EclipseLogger - skip non existing resourceDirectory C:\Users\garet\eclipse-workspace\Xetra_analysis\src\test\resources
2019-08-19 05:13:44,780 [Worker-36: Building workspace] INFO  o.e.m.c.i.embedder.EclipseLogger - Using 'UTF-8' encoding to copy filtered resources.
2019-08-19 05:13:44,781 [Worker-36: Building workspace] INFO  o.e.m.c.i.embedder.EclipseLogger - skip non existing resourceDirectory C:\Users\garet\eclipse-workspace\Xetra_analysis\src\main\resources
2019-08-19 05:13:44,782 [Worker-36: Building workspace] INFO  o.e.m.c.i.embedder.EclipseLogger - Using 'UTF-8' encoding to copy filtered resources.
2019-08-19 05:13:44,782 [Worker-36: Building workspace] INFO  o.e.m.c.i.embedder.EclipseLogger - skip non existing resourceDirectory C:\Users\garet\eclipse-workspace\Xetra_analysis\src\test\resources
2019-08-19 05:14:00,763 [Worker-31: Building workspace] INFO  o.e.m.c.i.embedder.EclipseLogger - Using 'UTF-8' encoding to copy filtered resources.
2019-08-19 05:14:00,764 [Worker-31: Building workspace] INFO  o.e.m.c.i.embedder.EclipseLogger - skip non existing resourceDirectory C:\Users\garet\eclipse-workspace\Xetra_analysis\src\main\resources
2019-08-19 05:14:00,766 [Worker-31: Building workspace] INFO  o.e.m.c.i.embedder.EclipseLogger - Using 'UTF-8' encoding to copy filtered resources.
2019-08-19 05:14:00,766 [Worker-31: Building workspace] INFO  o.e.m.c.i.embedder.EclipseLogger - skip non existing resourceDirectory C:\Users\garet\eclipse-workspace\Xetra_analysis\src\test\resources
2019-08-19 05:14:07,005 [Worker-36: Building workspace] INFO  o.e.m.c.i.embedder.EclipseLogger - Using 'UTF-8' encoding to copy filtered resources.
2019-08-19 05:14:07,005 [Worker-36: Building workspace] INFO  o.e.m.c.i.embedder.EclipseLogger - skip non existing resourceDirectory C:\Users\garet\eclipse-workspace\Xetra_analysis\src\main\resources
2019-08-19 05:14:07,006 [Worker-36: Building workspace] INFO  o.e.m.c.i.embedder.EclipseLogger - Using 'UTF-8' encoding to copy filtered resources.
2019-08-19 05:14:07,006 [Worker-36: Building workspace] INFO  o.e.m.c.i.embedder.EclipseLogger - skip non existing resourceDirectory C:\Users\garet\eclipse-workspace\Xetra_analysis\src\test\resources
2019-08-19 05:14:53,229 [Worker-31: Building workspace] INFO  o.e.m.c.i.embedder.EclipseLogger - Using 'UTF-8' encoding to copy filtered resources.
2019-08-19 05:14:53,230 [Worker-31: Building workspace] INFO  o.e.m.c.i.embedder.EclipseLogger - skip non existing resourceDirectory C:\Users\garet\eclipse-workspace\Xetra_analysis\src\main\resources
2019-08-19 05:14:53,232 [Worker-31: Building workspace] INFO  o.e.m.c.i.embedder.EclipseLogger - Using 'UTF-8' encoding to copy filtered resources.
2019-08-19 05:14:53,232 [Worker-31: Building workspace] INFO  o.e.m.c.i.embedder.EclipseLogger - skip non existing resourceDirectory C:\Users\garet\eclipse-workspace\Xetra_analysis\src\test\resources
2019-08-19 05:16:07,411 [Worker-30: Building workspace] INFO  o.e.m.c.i.embedder.EclipseLogger - Using 'UTF-8' encoding to copy filtered resources.
2019-08-19 05:16:07,411 [Worker-30: Building workspace] INFO  o.e.m.c.i.embedder.EclipseLogger - skip non existing resourceDirectory C:\Users\garet\eclipse-workspace\Xetra_analysis\src\main\resources
2019-08-19 05:16:07,413 [Worker-30: Building workspace] INFO  o.e.m.c.i.embedder.EclipseLogger - Using 'UTF-8' encoding to copy filtered resources.
2019-08-19 05:16:07,413 [Worker-30: Building workspace] INFO  o.e.m.c.i.embedder.EclipseLogger - skip non existing resourceDirectory C:\Users\garet\eclipse-workspace\Xetra_analysis\src\test\resources
2019-08-19 05:16:45,834 [Worker-30: Building workspace] INFO  o.e.m.c.i.embedder.EclipseLogger - Using 'UTF-8' encoding to copy filtered resources.
2019-08-19 05:16:45,834 [Worker-30: Building workspace] INFO  o.e.m.c.i.embedder.EclipseLogger - skip non existing resourceDirectory C:\Users\garet\eclipse-workspace\Xetra_analysis\src\main\resources
2019-08-19 05:16:45,835 [Worker-30: Building workspace] INFO  o.e.m.c.i.embedder.EclipseLogger - Using 'UTF-8' encoding to copy filtered resources.
2019-08-19 05:16:45,835 [Worker-30: Building workspace] INFO  o.e.m.c.i.embedder.EclipseLogger - skip non existing resourceDirectory C:\Users\garet\eclipse-workspace\Xetra_analysis\src\test\resources
2019-08-19 05:17:06,488 [Worker-41: Building workspace] INFO  o.e.m.c.i.embedder.EclipseLogger - Using 'UTF-8' encoding to copy filtered resources.
2019-08-19 05:17:06,489 [Worker-41: Building workspace] INFO  o.e.m.c.i.embedder.EclipseLogger - skip non existing resourceDirectory C:\Users\garet\eclipse-workspace\Xetra_analysis\src\main\resources
2019-08-19 05:17:06,490 [Worker-41: Building workspace] INFO  o.e.m.c.i.embedder.EclipseLogger - Using 'UTF-8' encoding to copy filtered resources.
2019-08-19 05:17:06,490 [Worker-41: Building workspace] INFO  o.e.m.c.i.embedder.EclipseLogger - skip non existing resourceDirectory C:\Users\garet\eclipse-workspace\Xetra_analysis\src\test\resources
2019-08-19 05:17:44,479 [Worker-30: Building workspace] INFO  o.e.m.c.i.embedder.EclipseLogger - Using 'UTF-8' encoding to copy filtered resources.
2019-08-19 05:17:44,479 [Worker-30: Building workspace] INFO  o.e.m.c.i.embedder.EclipseLogger - skip non existing resourceDirectory C:\Users\garet\eclipse-workspace\Xetra_analysis\src\main\resources
2019-08-19 05:17:44,480 [Worker-30: Building workspace] INFO  o.e.m.c.i.embedder.EclipseLogger - Using 'UTF-8' encoding to copy filtered resources.
2019-08-19 05:17:44,481 [Worker-30: Building workspace] INFO  o.e.m.c.i.embedder.EclipseLogger - skip non existing resourceDirectory C:\Users\garet\eclipse-workspace\Xetra_analysis\src\test\resources
2019-08-19 05:21:48,073 [Worker-40: Building workspace] INFO  o.e.m.c.i.embedder.EclipseLogger - Using 'UTF-8' encoding to copy filtered resources.
2019-08-19 05:21:48,073 [Worker-40: Building workspace] INFO  o.e.m.c.i.embedder.EclipseLogger - skip non existing resourceDirectory C:\Users\garet\eclipse-workspace\Xetra_analysis\src\main\resources
2019-08-19 05:21:48,074 [Worker-40: Building workspace] INFO  o.e.m.c.i.embedder.EclipseLogger - Using 'UTF-8' encoding to copy filtered resources.
2019-08-19 05:21:48,074 [Worker-40: Building workspace] INFO  o.e.m.c.i.embedder.EclipseLogger - skip non existing resourceDirectory C:\Users\garet\eclipse-workspace\Xetra_analysis\src\test\resources
2019-08-19 05:21:51,448 [Worker-31: Building workspace] INFO  o.e.m.c.i.embedder.EclipseLogger - Using 'UTF-8' encoding to copy filtered resources.
2019-08-19 05:21:51,448 [Worker-31: Building workspace] INFO  o.e.m.c.i.embedder.EclipseLogger - skip non existing resourceDirectory C:\Users\garet\eclipse-workspace\Xetra_analysis\src\main\resources
2019-08-19 05:21:51,451 [Worker-31: Building workspace] INFO  o.e.m.c.i.embedder.EclipseLogger - Using 'UTF-8' encoding to copy filtered resources.
2019-08-19 05:21:51,451 [Worker-31: Building workspace] INFO  o.e.m.c.i.embedder.EclipseLogger - skip non existing resourceDirectory C:\Users\garet\eclipse-workspace\Xetra_analysis\src\test\resources
2019-08-19 05:22:17,844 [Worker-31: Building workspace] INFO  o.e.m.c.i.embedder.EclipseLogger - Using 'UTF-8' encoding to copy filtered resources.
2019-08-19 05:22:17,845 [Worker-31: Building workspace] INFO  o.e.m.c.i.embedder.EclipseLogger - skip non existing resourceDirectory C:\Users\garet\eclipse-workspace\Xetra_analysis\src\main\resources
2019-08-19 05:22:17,848 [Worker-31: Building workspace] INFO  o.e.m.c.i.embedder.EclipseLogger - Using 'UTF-8' encoding to copy filtered resources.
2019-08-19 05:22:17,848 [Worker-31: Building workspace] INFO  o.e.m.c.i.embedder.EclipseLogger - skip non existing resourceDirectory C:\Users\garet\eclipse-workspace\Xetra_analysis\src\test\resources
2019-08-19 05:22:29,995 [Worker-44: Building workspace] INFO  o.e.m.c.i.embedder.EclipseLogger - Using 'UTF-8' encoding to copy filtered resources.
2019-08-19 05:22:29,995 [Worker-44: Building workspace] INFO  o.e.m.c.i.embedder.EclipseLogger - skip non existing resourceDirectory C:\Users\garet\eclipse-workspace\Xetra_analysis\src\main\resources
2019-08-19 05:22:29,997 [Worker-44: Building workspace] INFO  o.e.m.c.i.embedder.EclipseLogger - Using 'UTF-8' encoding to copy filtered resources.
2019-08-19 05:22:29,997 [Worker-44: Building workspace] INFO  o.e.m.c.i.embedder.EclipseLogger - skip non existing resourceDirectory C:\Users\garet\eclipse-workspace\Xetra_analysis\src\test\resources
2019-08-19 05:23:04,389 [Worker-44: Building workspace] INFO  o.e.m.c.i.embedder.EclipseLogger - Using 'UTF-8' encoding to copy filtered resources.
2019-08-19 05:23:04,389 [Worker-44: Building workspace] INFO  o.e.m.c.i.embedder.EclipseLogger - skip non existing resourceDirectory C:\Users\garet\eclipse-workspace\Xetra_analysis\src\main\resources
2019-08-19 05:23:04,390 [Worker-44: Building workspace] INFO  o.e.m.c.i.embedder.EclipseLogger - Using 'UTF-8' encoding to copy filtered resources.
2019-08-19 05:23:04,390 [Worker-44: Building workspace] INFO  o.e.m.c.i.embedder.EclipseLogger - skip non existing resourceDirectory C:\Users\garet\eclipse-workspace\Xetra_analysis\src\test\resources
2019-08-19 05:23:17,066 [Worker-45: Building workspace] INFO  o.e.m.c.i.embedder.EclipseLogger - Using 'UTF-8' encoding to copy filtered resources.
2019-08-19 05:23:17,066 [Worker-45: Building workspace] INFO  o.e.m.c.i.embedder.EclipseLogger - skip non existing resourceDirectory C:\Users\garet\eclipse-workspace\Xetra_analysis\src\main\resources
2019-08-19 05:23:17,067 [Worker-45: Building workspace] INFO  o.e.m.c.i.embedder.EclipseLogger - Using 'UTF-8' encoding to copy filtered resources.
2019-08-19 05:23:17,067 [Worker-45: Building workspace] INFO  o.e.m.c.i.embedder.EclipseLogger - skip non existing resourceDirectory C:\Users\garet\eclipse-workspace\Xetra_analysis\src\test\resources
2019-08-19 05:30:38,945 [Worker-31: Building workspace] INFO  o.e.m.c.i.embedder.EclipseLogger - Using 'UTF-8' encoding to copy filtered resources.
2019-08-19 05:30:38,946 [Worker-31: Building workspace] INFO  o.e.m.c.i.embedder.EclipseLogger - skip non existing resourceDirectory C:\Users\garet\eclipse-workspace\Xetra_analysis\src\main\resources
2019-08-19 05:30:38,946 [Worker-31: Building workspace] INFO  o.e.m.c.i.embedder.EclipseLogger - Using 'UTF-8' encoding to copy filtered resources.
2019-08-19 05:30:38,947 [Worker-31: Building workspace] INFO  o.e.m.c.i.embedder.EclipseLogger - skip non existing resourceDirectory C:\Users\garet\eclipse-workspace\Xetra_analysis\src\test\resources
2019-08-19 05:30:51,864 [Worker-40: Building workspace] INFO  o.e.m.c.i.embedder.EclipseLogger - Using 'UTF-8' encoding to copy filtered resources.
2019-08-19 05:30:51,864 [Worker-40: Building workspace] INFO  o.e.m.c.i.embedder.EclipseLogger - skip non existing resourceDirectory C:\Users\garet\eclipse-workspace\Xetra_analysis\src\main\resources
2019-08-19 05:30:51,865 [Worker-40: Building workspace] INFO  o.e.m.c.i.embedder.EclipseLogger - Using 'UTF-8' encoding to copy filtered resources.
2019-08-19 05:30:51,865 [Worker-40: Building workspace] INFO  o.e.m.c.i.embedder.EclipseLogger - skip non existing resourceDirectory C:\Users\garet\eclipse-workspace\Xetra_analysis\src\test\resources
2019-08-19 05:33:40,356 [Worker-40: Building workspace] INFO  o.e.m.c.i.embedder.EclipseLogger - Using 'UTF-8' encoding to copy filtered resources.
2019-08-19 05:33:40,356 [Worker-40: Building workspace] INFO  o.e.m.c.i.embedder.EclipseLogger - skip non existing resourceDirectory C:\Users\garet\eclipse-workspace\Xetra_analysis\src\main\resources
2019-08-19 05:33:40,357 [Worker-40: Building workspace] INFO  o.e.m.c.i.embedder.EclipseLogger - Using 'UTF-8' encoding to copy filtered resources.
2019-08-19 05:33:40,358 [Worker-40: Building workspace] INFO  o.e.m.c.i.embedder.EclipseLogger - skip non existing resourceDirectory C:\Users\garet\eclipse-workspace\Xetra_analysis\src\test\resources
2019-08-19 05:39:14,333 [Worker-31: Building workspace] INFO  o.e.m.c.i.l.LifecycleMappingFactory - Using org.eclipse.m2e.jdt.JarLifecycleMapping lifecycle mapping for MavenProject: com:gnguyen:0.0.1-SNAPSHOT @ C:\Users\garet\eclipse-workspace\Xetra_analysis\pom.xml.
2019-08-19 05:39:18,134 [Worker-31: Building workspace] INFO  o.e.m.c.i.embedder.EclipseLogger - Using 'UTF-8' encoding to copy filtered resources.
2019-08-19 05:39:18,134 [Worker-31: Building workspace] INFO  o.e.m.c.i.embedder.EclipseLogger - skip non existing resourceDirectory C:\Users\garet\eclipse-workspace\Xetra_analysis\src\main\resources
2019-08-19 05:39:18,135 [Worker-31: Building workspace] INFO  o.e.m.c.i.embedder.EclipseLogger - Using 'UTF-8' encoding to copy filtered resources.
2019-08-19 05:39:18,135 [Worker-31: Building workspace] INFO  o.e.m.c.i.embedder.EclipseLogger - skip non existing resourceDirectory C:\Users\garet\eclipse-workspace\Xetra_analysis\src\test\resources
2019-08-19 05:39:20,606 [Worker-40: Building workspace] INFO  o.e.m.c.i.embedder.EclipseLogger - Using 'UTF-8' encoding to copy filtered resources.
2019-08-19 05:39:20,607 [Worker-40: Building workspace] INFO  o.e.m.c.i.embedder.EclipseLogger - skip non existing resourceDirectory C:\Users\garet\eclipse-workspace\Xetra_analysis\src\main\resources
2019-08-19 05:39:20,607 [Worker-40: Building workspace] INFO  o.e.m.c.i.embedder.EclipseLogger - Using 'UTF-8' encoding to copy filtered resources.
2019-08-19 05:39:20,608 [Worker-40: Building workspace] INFO  o.e.m.c.i.embedder.EclipseLogger - skip non existing resourceDirectory C:\Users\garet\eclipse-workspace\Xetra_analysis\src\test\resources
2019-08-19 05:47:00,823 [Worker-40: Building workspace] INFO  o.e.m.c.i.l.LifecycleMappingFactory - Using org.eclipse.m2e.jdt.JarLifecycleMapping lifecycle mapping for MavenProject: com:gnguyen:0.0.1-SNAPSHOT @ C:\Users\garet\eclipse-workspace\Xetra_analysis\pom.xml.
2019-08-19 05:47:02,369 [Worker-40: Building workspace] INFO  o.e.m.c.i.embedder.EclipseLogger - Using 'UTF-8' encoding to copy filtered resources.
2019-08-19 05:47:02,369 [Worker-40: Building workspace] INFO  o.e.m.c.i.embedder.EclipseLogger - skip non existing resourceDirectory C:\Users\garet\eclipse-workspace\Xetra_analysis\src\main\resources
2019-08-19 05:47:02,371 [Worker-40: Building workspace] INFO  o.e.m.c.i.embedder.EclipseLogger - Using 'UTF-8' encoding to copy filtered resources.
2019-08-19 05:47:02,371 [Worker-40: Building workspace] INFO  o.e.m.c.i.embedder.EclipseLogger - skip non existing resourceDirectory C:\Users\garet\eclipse-workspace\Xetra_analysis\src\test\resources
2019-08-19 05:47:10,886 [Worker-43: Building workspace] INFO  o.e.m.c.i.embedder.EclipseLogger - Using 'UTF-8' encoding to copy filtered resources.
2019-08-19 05:47:10,886 [Worker-43: Building workspace] INFO  o.e.m.c.i.embedder.EclipseLogger - skip non existing resourceDirectory C:\Users\garet\eclipse-workspace\Xetra_analysis\src\main\resources
2019-08-19 05:47:10,887 [Worker-43: Building workspace] INFO  o.e.m.c.i.embedder.EclipseLogger - Using 'UTF-8' encoding to copy filtered resources.
2019-08-19 05:47:10,887 [Worker-43: Building workspace] INFO  o.e.m.c.i.embedder.EclipseLogger - skip non existing resourceDirectory C:\Users\garet\eclipse-workspace\Xetra_analysis\src\test\resources
2019-08-19 05:48:54,678 [Worker-47: Building workspace] INFO  o.e.m.c.i.embedder.EclipseLogger - Using 'UTF-8' encoding to copy filtered resources.
2019-08-19 05:48:54,679 [Worker-47: Building workspace] INFO  o.e.m.c.i.embedder.EclipseLogger - skip non existing resourceDirectory C:\Users\garet\eclipse-workspace\Xetra_analysis\src\main\resources
2019-08-19 05:48:54,680 [Worker-47: Building workspace] INFO  o.e.m.c.i.embedder.EclipseLogger - Using 'UTF-8' encoding to copy filtered resources.
2019-08-19 05:48:54,680 [Worker-47: Building workspace] INFO  o.e.m.c.i.embedder.EclipseLogger - skip non existing resourceDirectory C:\Users\garet\eclipse-workspace\Xetra_analysis\src\test\resources
2019-08-19 05:49:21,492 [Worker-30: Building workspace] INFO  o.e.m.c.i.embedder.EclipseLogger - Using 'UTF-8' encoding to copy filtered resources.
2019-08-19 05:49:21,492 [Worker-30: Building workspace] INFO  o.e.m.c.i.embedder.EclipseLogger - skip non existing resourceDirectory C:\Users\garet\eclipse-workspace\Xetra_analysis\src\main\resources
2019-08-19 05:49:21,493 [Worker-30: Building workspace] INFO  o.e.m.c.i.embedder.EclipseLogger - Using 'UTF-8' encoding to copy filtered resources.
2019-08-19 05:49:21,493 [Worker-30: Building workspace] INFO  o.e.m.c.i.embedder.EclipseLogger - skip non existing resourceDirectory C:\Users\garet\eclipse-workspace\Xetra_analysis\src\test\resources
2019-08-19 05:52:04,431 [Worker-43: Building workspace] INFO  o.e.m.c.i.embedder.EclipseLogger - Using 'UTF-8' encoding to copy filtered resources.
2019-08-19 05:52:04,431 [Worker-43: Building workspace] INFO  o.e.m.c.i.embedder.EclipseLogger - skip non existing resourceDirectory C:\Users\garet\eclipse-workspace\Xetra_analysis\src\main\resources
2019-08-19 05:52:04,432 [Worker-43: Building workspace] INFO  o.e.m.c.i.embedder.EclipseLogger - Using 'UTF-8' encoding to copy filtered resources.
2019-08-19 05:52:04,432 [Worker-43: Building workspace] INFO  o.e.m.c.i.embedder.EclipseLogger - skip non existing resourceDirectory C:\Users\garet\eclipse-workspace\Xetra_analysis\src\test\resources
2019-08-19 05:55:05,964 [Worker-30: Building workspace] INFO  o.e.m.c.i.embedder.EclipseLogger - Using 'UTF-8' encoding to copy filtered resources.
2019-08-19 05:55:05,964 [Worker-30: Building workspace] INFO  o.e.m.c.i.embedder.EclipseLogger - skip non existing resourceDirectory C:\Users\garet\eclipse-workspace\Xetra_analysis\src\main\resources
2019-08-19 05:55:05,965 [Worker-30: Building workspace] INFO  o.e.m.c.i.embedder.EclipseLogger - Using 'UTF-8' encoding to copy filtered resources.
2019-08-19 05:55:05,965 [Worker-30: Building workspace] INFO  o.e.m.c.i.embedder.EclipseLogger - skip non existing resourceDirectory C:\Users\garet\eclipse-workspace\Xetra_analysis\src\test\resources
2019-08-19 05:55:55,598 [Worker-30: Building workspace] INFO  o.e.m.c.i.embedder.EclipseLogger - Using 'UTF-8' encoding to copy filtered resources.
2019-08-19 05:55:55,599 [Worker-30: Building workspace] INFO  o.e.m.c.i.embedder.EclipseLogger - skip non existing resourceDirectory C:\Users\garet\eclipse-workspace\Xetra_analysis\src\main\resources
2019-08-19 05:55:55,599 [Worker-30: Building workspace] INFO  o.e.m.c.i.embedder.EclipseLogger - Using 'UTF-8' encoding to copy filtered resources.
2019-08-19 05:55:55,600 [Worker-30: Building workspace] INFO  o.e.m.c.i.embedder.EclipseLogger - skip non existing resourceDirectory C:\Users\garet\eclipse-workspace\Xetra_analysis\src\test\resources
2019-08-19 16:53:30,953 [Worker-99: Building workspace] INFO  o.e.m.c.i.embedder.EclipseLogger - Using 'UTF-8' encoding to copy filtered resources.
2019-08-19 16:53:30,957 [Worker-99: Building workspace] INFO  o.e.m.c.i.embedder.EclipseLogger - skip non existing resourceDirectory C:\Users\garet\eclipse-workspace\Xetra_analysis\src\main\resources
2019-08-19 16:53:30,958 [Worker-99: Building workspace] INFO  o.e.m.c.i.embedder.EclipseLogger - Using 'UTF-8' encoding to copy filtered resources.
2019-08-19 16:53:30,959 [Worker-99: Building workspace] INFO  o.e.m.c.i.embedder.EclipseLogger - skip non existing resourceDirectory C:\Users\garet\eclipse-workspace\Xetra_analysis\src\test\resources
2019-08-19 22:16:59,540 [Worker-148: Building workspace] INFO  o.e.m.c.i.embedder.EclipseLogger - Using 'UTF-8' encoding to copy filtered resources.
2019-08-19 22:16:59,544 [Worker-148: Building workspace] INFO  o.e.m.c.i.embedder.EclipseLogger - skip non existing resourceDirectory C:\Users\garet\eclipse-workspace\Xetra_analysis\src\main\resources
2019-08-19 22:16:59,544 [Worker-148: Building workspace] INFO  o.e.m.c.i.embedder.EclipseLogger - Using 'UTF-8' encoding to copy filtered resources.
2019-08-19 22:16:59,544 [Worker-148: Building workspace] INFO  o.e.m.c.i.embedder.EclipseLogger - skip non existing resourceDirectory C:\Users\garet\eclipse-workspace\Xetra_analysis\src\test\resources
2019-08-19 23:02:40,576 [Worker-151: Building workspace] INFO  o.e.m.c.i.embedder.EclipseLogger - Using 'UTF-8' encoding to copy filtered resources.
2019-08-19 23:02:40,578 [Worker-151: Building workspace] INFO  o.e.m.c.i.embedder.EclipseLogger - skip non existing resourceDirectory C:\Users\garet\eclipse-workspace\Xetra_analysis\src\main\resources
2019-08-19 23:02:40,580 [Worker-151: Building workspace] INFO  o.e.m.c.i.embedder.EclipseLogger - Using 'UTF-8' encoding to copy filtered resources.
2019-08-19 23:02:40,581 [Worker-151: Building workspace] INFO  o.e.m.c.i.embedder.EclipseLogger - skip non existing resourceDirectory C:\Users\garet\eclipse-workspace\Xetra_analysis\src\test\resources
2019-08-20 07:32:24,153 [Worker-162: Building workspace] INFO  o.e.m.c.i.embedder.EclipseLogger - Using 'UTF-8' encoding to copy filtered resources.
2019-08-20 07:32:24,153 [Worker-162: Building workspace] INFO  o.e.m.c.i.embedder.EclipseLogger - skip non existing resourceDirectory C:\Users\garet\eclipse-workspace\Xetra_analysis\src\main\resources
2019-08-20 07:32:24,158 [Worker-162: Building workspace] INFO  o.e.m.c.i.embedder.EclipseLogger - Using 'UTF-8' encoding to copy filtered resources.
2019-08-20 07:32:24,159 [Worker-162: Building workspace] INFO  o.e.m.c.i.embedder.EclipseLogger - skip non existing resourceDirectory C:\Users\garet\eclipse-workspace\Xetra_analysis\src\test\resources
2019-08-20 09:47:08,050 [Worker-176: Building workspace] INFO  o.e.m.c.i.embedder.EclipseLogger - Using 'UTF-8' encoding to copy filtered resources.
2019-08-20 09:47:08,050 [Worker-176: Building workspace] INFO  o.e.m.c.i.embedder.EclipseLogger - skip non existing resourceDirectory C:\Users\garet\eclipse-workspace\Xetra_analysis\src\main\resources
2019-08-20 09:47:08,052 [Worker-176: Building workspace] INFO  o.e.m.c.i.embedder.EclipseLogger - Using 'UTF-8' encoding to copy filtered resources.
2019-08-20 09:47:08,052 [Worker-176: Building workspace] INFO  o.e.m.c.i.embedder.EclipseLogger - skip non existing resourceDirectory C:\Users\garet\eclipse-workspace\Xetra_analysis\src\test\resources
2019-08-20 09:53:52,663 [Worker-179: Building workspace] INFO  o.e.m.c.i.embedder.EclipseLogger - Using 'UTF-8' encoding to copy filtered resources.
2019-08-20 09:53:52,663 [Worker-179: Building workspace] INFO  o.e.m.c.i.embedder.EclipseLogger - skip non existing resourceDirectory C:\Users\garet\eclipse-workspace\Xetra_analysis\src\main\resources
2019-08-20 09:53:52,663 [Worker-179: Building workspace] INFO  o.e.m.c.i.embedder.EclipseLogger - Using 'UTF-8' encoding to copy filtered resources.
2019-08-20 09:53:52,663 [Worker-179: Building workspace] INFO  o.e.m.c.i.embedder.EclipseLogger - skip non existing resourceDirectory C:\Users\garet\eclipse-workspace\Xetra_analysis\src\test\resources
2019-08-20 09:59:35,098 [Worker-182: Building workspace] INFO  o.e.m.c.i.embedder.EclipseLogger - Using 'UTF-8' encoding to copy filtered resources.
2019-08-20 09:59:35,098 [Worker-182: Building workspace] INFO  o.e.m.c.i.embedder.EclipseLogger - skip non existing resourceDirectory C:\Users\garet\eclipse-workspace\Xetra_analysis\src\main\resources
2019-08-20 09:59:35,098 [Worker-182: Building workspace] INFO  o.e.m.c.i.embedder.EclipseLogger - Using 'UTF-8' encoding to copy filtered resources.
2019-08-20 09:59:35,099 [Worker-182: Building workspace] INFO  o.e.m.c.i.embedder.EclipseLogger - skip non existing resourceDirectory C:\Users\garet\eclipse-workspace\Xetra_analysis\src\test\resources
2019-08-20 10:48:48,538 [Worker-181: Building workspace] INFO  o.e.m.c.i.embedder.EclipseLogger - Using 'UTF-8' encoding to copy filtered resources.
2019-08-20 10:48:48,538 [Worker-181: Building workspace] INFO  o.e.m.c.i.embedder.EclipseLogger - skip non existing resourceDirectory C:\Users\garet\eclipse-workspace\Xetra_analysis\src\main\resources
2019-08-20 10:48:48,539 [Worker-181: Building workspace] INFO  o.e.m.c.i.embedder.EclipseLogger - Using 'UTF-8' encoding to copy filtered resources.
2019-08-20 10:48:48,539 [Worker-181: Building workspace] INFO  o.e.m.c.i.embedder.EclipseLogger - skip non existing resourceDirectory C:\Users\garet\eclipse-workspace\Xetra_analysis\src\test\resources
2019-08-20 10:50:02,644 [Worker-181: Building workspace] INFO  o.e.m.c.i.embedder.EclipseLogger - Using 'UTF-8' encoding to copy filtered resources.
2019-08-20 10:50:02,645 [Worker-181: Building workspace] INFO  o.e.m.c.i.embedder.EclipseLogger - skip non existing resourceDirectory C:\Users\garet\eclipse-workspace\Xetra_analysis\src\main\resources
2019-08-20 10:50:02,645 [Worker-181: Building workspace] INFO  o.e.m.c.i.embedder.EclipseLogger - Using 'UTF-8' encoding to copy filtered resources.
2019-08-20 10:50:02,645 [Worker-181: Building workspace] INFO  o.e.m.c.i.embedder.EclipseLogger - skip non existing resourceDirectory C:\Users\garet\eclipse-workspace\Xetra_analysis\src\test\resources
2019-08-20 10:53:19,080 [Worker-187: Building workspace] INFO  o.e.m.c.i.embedder.EclipseLogger - Using 'UTF-8' encoding to copy filtered resources.
2019-08-20 10:53:19,080 [Worker-187: Building workspace] INFO  o.e.m.c.i.embedder.EclipseLogger - skip non existing resourceDirectory C:\Users\garet\eclipse-workspace\Xetra_analysis\src\main\resources
2019-08-20 10:53:19,080 [Worker-187: Building workspace] INFO  o.e.m.c.i.embedder.EclipseLogger - Using 'UTF-8' encoding to copy filtered resources.
2019-08-20 10:53:19,081 [Worker-187: Building workspace] INFO  o.e.m.c.i.embedder.EclipseLogger - skip non existing resourceDirectory C:\Users\garet\eclipse-workspace\Xetra_analysis\src\test\resources
2019-08-20 10:54:38,363 [Worker-184: Building workspace] INFO  o.e.m.c.i.embedder.EclipseLogger - Using 'UTF-8' encoding to copy filtered resources.
2019-08-20 10:54:38,363 [Worker-184: Building workspace] INFO  o.e.m.c.i.embedder.EclipseLogger - skip non existing resourceDirectory C:\Users\garet\eclipse-workspace\Xetra_analysis\src\main\resources
2019-08-20 10:54:38,363 [Worker-184: Building workspace] INFO  o.e.m.c.i.embedder.EclipseLogger - Using 'UTF-8' encoding to copy filtered resources.
2019-08-20 10:54:38,363 [Worker-184: Building workspace] INFO  o.e.m.c.i.embedder.EclipseLogger - skip non existing resourceDirectory C:\Users\garet\eclipse-workspace\Xetra_analysis\src\test\resources
2019-08-20 10:54:53,415 [Worker-184: Building workspace] INFO  o.e.m.c.i.embedder.EclipseLogger - Using 'UTF-8' encoding to copy filtered resources.
2019-08-20 10:54:53,415 [Worker-184: Building workspace] INFO  o.e.m.c.i.embedder.EclipseLogger - skip non existing resourceDirectory C:\Users\garet\eclipse-workspace\Xetra_analysis\src\main\resources
2019-08-20 10:54:53,415 [Worker-184: Building workspace] INFO  o.e.m.c.i.embedder.EclipseLogger - Using 'UTF-8' encoding to copy filtered resources.
2019-08-20 10:54:53,416 [Worker-184: Building workspace] INFO  o.e.m.c.i.embedder.EclipseLogger - skip non existing resourceDirectory C:\Users\garet\eclipse-workspace\Xetra_analysis\src\test\resources
2019-08-20 10:55:19,891 [Worker-189: Building workspace] INFO  o.e.m.c.i.embedder.EclipseLogger - Using 'UTF-8' encoding to copy filtered resources.
2019-08-20 10:55:19,892 [Worker-189: Building workspace] INFO  o.e.m.c.i.embedder.EclipseLogger - skip non existing resourceDirectory C:\Users\garet\eclipse-workspace\Xetra_analysis\src\main\resources
2019-08-20 10:55:19,892 [Worker-189: Building workspace] INFO  o.e.m.c.i.embedder.EclipseLogger - Using 'UTF-8' encoding to copy filtered resources.
2019-08-20 10:55:19,892 [Worker-189: Building workspace] INFO  o.e.m.c.i.embedder.EclipseLogger - skip non existing resourceDirectory C:\Users\garet\eclipse-workspace\Xetra_analysis\src\test\resources
2019-08-20 10:55:33,201 [Worker-187: Building workspace] INFO  o.e.m.c.i.embedder.EclipseLogger - Using 'UTF-8' encoding to copy filtered resources.
2019-08-20 10:55:33,201 [Worker-187: Building workspace] INFO  o.e.m.c.i.embedder.EclipseLogger - skip non existing resourceDirectory C:\Users\garet\eclipse-workspace\Xetra_analysis\src\main\resources
2019-08-20 10:55:33,202 [Worker-187: Building workspace] INFO  o.e.m.c.i.embedder.EclipseLogger - Using 'UTF-8' encoding to copy filtered resources.
2019-08-20 10:55:33,202 [Worker-187: Building workspace] INFO  o.e.m.c.i.embedder.EclipseLogger - skip non existing resourceDirectory C:\Users\garet\eclipse-workspace\Xetra_analysis\src\test\resources
2019-08-20 10:56:13,999 [Worker-187: Building workspace] INFO  o.e.m.c.i.embedder.EclipseLogger - Using 'UTF-8' encoding to copy filtered resources.
2019-08-20 10:56:13,999 [Worker-187: Building workspace] INFO  o.e.m.c.i.embedder.EclipseLogger - skip non existing resourceDirectory C:\Users\garet\eclipse-workspace\Xetra_analysis\src\main\resources
2019-08-20 10:56:14,001 [Worker-187: Building workspace] INFO  o.e.m.c.i.embedder.EclipseLogger - Using 'UTF-8' encoding to copy filtered resources.
2019-08-20 10:56:14,001 [Worker-187: Building workspace] INFO  o.e.m.c.i.embedder.EclipseLogger - skip non existing resourceDirectory C:\Users\garet\eclipse-workspace\Xetra_analysis\src\test\resources
2019-08-20 10:56:51,322 [Worker-187: Building workspace] INFO  o.e.m.c.i.embedder.EclipseLogger - Using 'UTF-8' encoding to copy filtered resources.
2019-08-20 10:56:51,322 [Worker-187: Building workspace] INFO  o.e.m.c.i.embedder.EclipseLogger - skip non existing resourceDirectory C:\Users\garet\eclipse-workspace\Xetra_analysis\src\main\resources
2019-08-20 10:56:51,323 [Worker-187: Building workspace] INFO  o.e.m.c.i.embedder.EclipseLogger - Using 'UTF-8' encoding to copy filtered resources.
2019-08-20 10:56:51,323 [Worker-187: Building workspace] INFO  o.e.m.c.i.embedder.EclipseLogger - skip non existing resourceDirectory C:\Users\garet\eclipse-workspace\Xetra_analysis\src\test\resources
2019-08-20 10:57:58,380 [Worker-190: Building workspace] INFO  o.e.m.c.i.embedder.EclipseLogger - Using 'UTF-8' encoding to copy filtered resources.
2019-08-20 10:57:58,381 [Worker-190: Building workspace] INFO  o.e.m.c.i.embedder.EclipseLogger - skip non existing resourceDirectory C:\Users\garet\eclipse-workspace\Xetra_analysis\src\main\resources
2019-08-20 10:57:58,381 [Worker-190: Building workspace] INFO  o.e.m.c.i.embedder.EclipseLogger - Using 'UTF-8' encoding to copy filtered resources.
2019-08-20 10:57:58,381 [Worker-190: Building workspace] INFO  o.e.m.c.i.embedder.EclipseLogger - skip non existing resourceDirectory C:\Users\garet\eclipse-workspace\Xetra_analysis\src\test\resources
2019-08-20 10:58:18,193 [Worker-184: Building workspace] INFO  o.e.m.c.i.embedder.EclipseLogger - Using 'UTF-8' encoding to copy filtered resources.
2019-08-20 10:58:18,193 [Worker-184: Building workspace] INFO  o.e.m.c.i.embedder.EclipseLogger - skip non existing resourceDirectory C:\Users\garet\eclipse-workspace\Xetra_analysis\src\main\resources
2019-08-20 10:58:18,194 [Worker-184: Building workspace] INFO  o.e.m.c.i.embedder.EclipseLogger - Using 'UTF-8' encoding to copy filtered resources.
2019-08-20 10:58:18,194 [Worker-184: Building workspace] INFO  o.e.m.c.i.embedder.EclipseLogger - skip non existing resourceDirectory C:\Users\garet\eclipse-workspace\Xetra_analysis\src\test\resources
2019-08-20 12:08:34,199 [Worker-200: Building workspace] INFO  o.e.m.c.i.embedder.EclipseLogger - Using 'UTF-8' encoding to copy filtered resources.
2019-08-20 12:08:34,199 [Worker-200: Building workspace] INFO  o.e.m.c.i.embedder.EclipseLogger - skip non existing resourceDirectory C:\Users\garet\eclipse-workspace\Xetra_analysis\src\main\resources
2019-08-20 12:08:34,200 [Worker-200: Building workspace] INFO  o.e.m.c.i.embedder.EclipseLogger - Using 'UTF-8' encoding to copy filtered resources.
2019-08-20 12:08:34,200 [Worker-200: Building workspace] INFO  o.e.m.c.i.embedder.EclipseLogger - skip non existing resourceDirectory C:\Users\garet\eclipse-workspace\Xetra_analysis\src\test\resources
